#
# There is insufficient memory for the Java Runtime Environment to continue.
# Native memory allocation (malloc) failed to allocate 1048576 bytes for AllocateHeap
# Possible reasons:
#   The system is out of physical RAM or swap space
#   The process is running with CompressedOops enabled, and the Java Heap may be blocking the growth of the native heap
# Possible solutions:
#   Reduce memory load on the system
#   Increase physical memory or swap space
#   Check if swap backing store is full
#   Decrease Java heap size (-Xmx/-Xms)
#   Decrease number of Java threads
#   Decrease Java thread stack sizes (-Xss)
#   Set larger code cache with -XX:ReservedCodeCacheSize=
#   JVM is running with Unscaled Compressed Oops mode in which the Java heap is
#     placed in the first 4GB address space. The Java Heap base address is the
#     maximum limit for the native heap growth. Please use -XX:HeapBaseMinAddress
#     to set the Java Heap base and to place the Java Heap above 4GB virtual address.
# This output file may be truncated or incomplete.
#
#  Out of Memory Error (t:/workspace/open/src/hotspot/share/memory/allocation.cpp:45), pid=10384, tid=20180
#
# JRE version:  (13.0.1+9) (build )
# Java VM: Java HotSpot(TM) 64-Bit Server VM (13.0.1+9, mixed mode, aot, sharing, tiered, compressed oops, g1 gc, windows-amd64)
# No core dump will be written. Minidumps are not enabled by default on client versions of Windows
#

---------------  S U M M A R Y ------------

Command Line: -Dfile.encoding=MS949 guipackage.MainFrame

Host: Intel(R) Core(TM) i3-5005U CPU @ 2.00GHz, 4 cores, 3G,  Windows 10 , 64 bit Build 18362 (10.0.18362.329)
Time: Mon Nov 25 23:14:10 2019 ¢¥eCN©öI¡¾©ö C¡ÍA¨ª¨öA elapsed time: 0 seconds (0d 0h 0m 0s)

---------------  T H R E A D  ---------------

Current thread (0x000001e183c1b000):  JavaThread "Unknown thread" [_thread_in_vm, id=20180, stack(0x000000cba6800000,0x000000cba6900000)]

Stack: [0x000000cba6800000,0x000000cba6900000]
Native frames: (J=compiled Java code, j=interpreted, Vv=VM code, C=native code)
V  [jvm.dll+0x626eca]
V  [jvm.dll+0x772c6a]
V  [jvm.dll+0x77441f]
V  [jvm.dll+0x774a23]
V  [jvm.dll+0x24da58]
V  [jvm.dll+0xbaa2f]
V  [jvm.dll+0x2e2e9d]
V  [jvm.dll+0x74fcc8]
V  [jvm.dll+0x363739]
V  [jvm.dll+0x732dc5]
V  [jvm.dll+0x3ce2ef]
V  [jvm.dll+0x3d0611]
C  [jli.dll+0x51ff]
C  [ucrtbase.dll+0x20e72]
C  [KERNEL32.DLL+0x17bd4]
C  [ntdll.dll+0x6ced1]


---------------  P R O C E S S  ---------------

Threads class SMR info:
_java_thread_list=0x00007ffaf69246b8, length=0, elements={
}

Java Threads: ( => current thread )

Other Threads:

[error occurred during error reporting (printing all threads), id 0xc0000005, EXCEPTION_ACCESS_VIOLATION (0xc0000005) at pc=0x00007ffaf6597e17]

VM state:not at safepoint (not fully initialized)

VM Mutex/Monitor currently owned by a thread: None


[error occurred during error reporting (printing compressed oops mode), id 0xc0000005, EXCEPTION_ACCESS_VIOLATION (0xc0000005) at pc=0x00007ffaf6083d77]

GC Heap History (0 events):
No events

Deoptimization events (0 events):
No events

Classes unloaded (0 events):
No events

Classes redefined (0 events):
No events

Internal exceptions (0 events):
No events

Events (8 events):
Event: 0.056 Loaded shared library C:\Program Files\Java\jdk-13.0.1\bin\zip.dll
Event: 0.059 Loaded shared library C:\Program Files\Java\jdk-13.0.1\bin\jimage.dll
Event: 0.064 Loading shared library C:\Program Files\Java\jdk-13.0.1\lib\libjava.base-coop.dll failed, error code 126
Event: 0.064 Loading shared library C:\Program Files\Java\jdk-13.0.1\lib\libjava.logging-coop.dll failed, error code 126
Event: 0.064 Loading shared library C:\Program Files\Java\jdk-13.0.1\lib\libjdk.compiler-coop.dll failed, error code 126
Event: 0.065 Loading shared library C:\Program Files\Java\jdk-13.0.1\lib\libjdk.scripting.nashorn-coop.dll failed, error code 126
Event: 0.065 Loading shared library C:\Program Files\Java\jdk-13.0.1\lib\libjdk.internal.vm.ci-coop.dll failed, error code 126
Event: 0.066 Loading shared library C:\Program Files\Java\jdk-13.0.1\lib\libjdk.internal.vm.compiler-coop.dll failed, error code 126


Dynamic libraries:
0x00007ff73b630000 - 0x00007ff73b63f000 	C:\Program Files\Java\jdk-13.0.1\bin\javaw.exe
0x00007ffb312e0000 - 0x00007ffb314d0000 	C:\WINDOWS\SYSTEM32\ntdll.dll
0x00007ffb30650000 - 0x00007ffb30702000 	C:\WINDOWS\System32\KERNEL32.DLL
0x00007ffb2ed20000 - 0x00007ffb2efc3000 	C:\WINDOWS\System32\KERNELBASE.dll
0x00007ffb2e9f0000 - 0x00007ffb2eaea000 	C:\WINDOWS\System32\ucrtbase.dll
0x00007ffb1d540000 - 0x00007ffb1d555000 	C:\Program Files\Java\jdk-13.0.1\bin\VCRUNTIME140.dll
0x00007ffb1d560000 - 0x00007ffb1d578000 	C:\Program Files\Java\jdk-13.0.1\bin\jli.dll
0x00007ffb30540000 - 0x00007ffb305e3000 	C:\WINDOWS\System32\ADVAPI32.dll
0x00007ffb30270000 - 0x00007ffb3030e000 	C:\WINDOWS\System32\msvcrt.dll
0x00007ffb304a0000 - 0x00007ffb30537000 	C:\WINDOWS\System32\sechost.dll
0x00007ffb30380000 - 0x00007ffb304a0000 	C:\WINDOWS\System32\RPCRT4.dll
0x00007ffb30d40000 - 0x00007ffb30ed4000 	C:\WINDOWS\System32\USER32.dll
0x00007ffb2eaf0000 - 0x00007ffb2eb11000 	C:\WINDOWS\System32\win32u.dll
0x00007ffb30110000 - 0x00007ffb30136000 	C:\WINDOWS\System32\GDI32.dll
0x00007ffb2f020000 - 0x00007ffb2f1b4000 	C:\WINDOWS\System32\gdi32full.dll
0x00007ffb2f240000 - 0x00007ffb2f2de000 	C:\WINDOWS\System32\msvcp_win.dll
0x00007ffb1dc40000 - 0x00007ffb1dec5000 	C:\WINDOWS\WinSxS\amd64_microsoft.windows.common-controls_6595b64144ccf1df_6.0.18362.476_none_e6c4b11b130f2595\COMCTL32.dll
0x00007ffb2fb50000 - 0x00007ffb2fe86000 	C:\WINDOWS\System32\combase.dll
0x00007ffb2f1c0000 - 0x00007ffb2f240000 	C:\WINDOWS\System32\bcryptPrimitives.dll
0x00007ffb23d60000 - 0x00007ffb23d6a000 	C:\WINDOWS\SYSTEM32\VERSION.dll
0x00007ffb30350000 - 0x00007ffb3037e000 	C:\WINDOWS\System32\IMM32.DLL
0x00007ffb02ed0000 - 0x00007ffb02f6b000 	C:\Program Files\Java\jdk-13.0.1\bin\msvcp140.dll
0x00007ffaf5e60000 - 0x00007ffaf69c6000 	C:\Program Files\Java\jdk-13.0.1\bin\server\jvm.dll
0x00007ffb30310000 - 0x00007ffb30318000 	C:\WINDOWS\System32\PSAPI.DLL
0x00007ffb21510000 - 0x00007ffb21519000 	C:\WINDOWS\SYSTEM32\WSOCK32.dll
0x00007ffb2ff40000 - 0x00007ffb2ffaf000 	C:\WINDOWS\System32\WS2_32.dll
0x00007ffb2bd10000 - 0x00007ffb2bd34000 	C:\WINDOWS\SYSTEM32\WINMM.dll
0x00007ffb2bad0000 - 0x00007ffb2bafd000 	C:\WINDOWS\SYSTEM32\winmmbase.dll
0x00007ffb2efd0000 - 0x00007ffb2f01a000 	C:\WINDOWS\System32\cfgmgr32.dll
0x00007ffb2e1c0000 - 0x00007ffb2e1d1000 	C:\WINDOWS\System32\kernel.appcore.dll
0x00007ffb2c220000 - 0x00007ffb2c230000 	C:\Program Files\Java\jdk-13.0.1\bin\verify.dll
0x00007ffb12460000 - 0x00007ffb12654000 	C:\WINDOWS\SYSTEM32\DBGHELP.DLL
0x00007ffb1b330000 - 0x00007ffb1b35a000 	C:\WINDOWS\SYSTEM32\dbgcore.DLL
0x00007ffb23130000 - 0x00007ffb23156000 	C:\Program Files\Java\jdk-13.0.1\bin\java.dll
0x00007ffb23680000 - 0x00007ffb23697000 	C:\Program Files\Java\jdk-13.0.1\bin\zip.dll
0x00007ffb27fb0000 - 0x00007ffb27fba000 	C:\Program Files\Java\jdk-13.0.1\bin\jimage.dll

dbghelp: loaded successfully - version: 4.0.5 - missing functions: none
symbol engine: initialized successfully - sym options: 0x614 - pdb path: .;C:\Program Files\Java\jdk-13.0.1\bin;C:\WINDOWS\SYSTEM32;C:\WINDOWS\WinSxS\amd64_microsoft.windows.common-controls_6595b64144ccf1df_6.0.18362.476_none_e6c4b11b130f2595;C:\Program Files\Java\jdk-13.0.1\bin\server

VM Arguments:
jvm_args: -Dfile.encoding=MS949 
java_command: guipackage.MainFrame
java_class_path (initial): C:\Users\Darae\eclipse-workspace\MobileRobotController
Launcher Type: SUN_STANDARD

[Global flags]
     intx CICompilerCount                          = 3                                         {product} {ergonomic}
     uint G1ConcRefinementThreads                  = 4                                         {product} {ergonomic}
   size_t G1HeapRegionSize                         = 1048576                                   {product} {ergonomic}
    uintx GCDrainStackTargetSize                   = 64                                        {product} {ergonomic}
   size_t InitialHeapSize                          = 67108864                                  {product} {ergonomic}
   size_t MaxHeapSize                              = 1048576000                                {product} {ergonomic}
   size_t MinHeapDeltaBytes                        = 1048576                                   {product} {ergonomic}
   size_t MinHeapSize                              = 8388608                                   {product} {ergonomic}
    uintx NonNMethodCodeHeapSize                   = 5830732                                {pd product} {ergonomic}
    uintx NonProfiledCodeHeapSize                  = 122913754                              {pd product} {ergonomic}
    uintx ProfiledCodeHeapSize                     = 122913754                              {pd product} {ergonomic}
    uintx ReservedCodeCacheSize                    = 251658240                              {pd product} {ergonomic}
     bool SegmentedCodeCache                       = true                                      {product} {ergonomic}
   size_t SoftMaxHeapSize                          = 1048576000                             {manageable} {ergonomic}
     bool UseCompressedClassPointers               = true                                 {lp64_product} {ergonomic}
     bool UseCompressedOops                        = true                                 {lp64_product} {ergonomic}
     bool UseG1GC                                  = true                                      {product} {ergonomic}
     bool UseLargePagesIndividualAllocation        = false                                  {pd product} {ergonomic}

Logging:
Log output configuration:
 #0: stdout all=warning uptime,level,tags
 #1: stderr all=off uptime,level,tags

Environment Variables:
PATH=C:/Program Files/Java/jdk-13.0.1/bin/server;C:/Program Files/Java/jdk-13.0.1/bin;C:\Program Files (x86)\Common Files\Oracle\Java\javapath;C:\Program Files (x86)\Intel\iCLS Client\;C:\Program Files\Intel\iCLS Client\;C:\WINDOWS\system32;C:\WINDOWS;C:\WINDOWS\System32\Wbem;C:\WINDOWS\System32\WindowsPowerShell\v1.0\;C:\Program Files (x86)\Intel\Intel(R) Management Engine Components\DAL;C:\Program Files\Intel\Intel(R) Management Engine Components\DAL;C:\Program Files (x86)\Intel\Intel(R) Management Engine Components\IPT;C:\Program Files\Intel\Intel(R) Management Engine Components\IPT;C:\WINDOWS\System32\OpenSSH\;C:\Program Files (x86)\Yarn\bin\;C:\MinGW\bin;C:\Program Files (x86)\Microsoft SQL Server\110\Tools\Binn\;C:\Program Files (x86)\Microsoft SQL Server\110\DTS\Binn\;C:\Program Files (x86)\Microsoft SQL Server\110\Tools\Binn\ManagementStudio\;C:\Program Files (x86)\Microsoft Visual Studio 10.0\Common7\IDE\PrivateAssemblies\;C:\Program Files\Git\cmd;C:\Program Files\Microsoft SQL Server\Client SDK\ODBC\170\Tools\Binn\;C:\Program Files (x86)\Microsoft SQL Server\150\Tools\Binn\;C:\Program Files\Microsoft SQL Server\150\Tools\Binn\;C:\Program Files\Microsoft SQL Server\150\DTS\Binn\;C:\Program Files (x86)\Microsoft SQL Server\150\DTS\Binn\;C:\Users\Darae\AppData\Local\Programs\Python\Python37\Scripts;C:\Program Files\nodejs\;C:\Users\Darae\AppData\Local\Programs\Python\Python37\Scripts\;C:\Users\Darae\AppData\Local\Programs\Python\Python37\;C:\Users\Darae\AppData\Local\Microsoft\WindowsApps;;C:\Users\Darae\AppData\Local\Programs\Microsoft VS Code\bin;C:\Users\Darae\AppData\Local\Yarn\bin;C:\Users\Darae\AppData\Roaming\npm;C:\Users\Darae\Desktop;
USERNAME=Darae
OS=Windows_NT
PROCESSOR_IDENTIFIER=Intel64 Family 6 Model 61 Stepping 4, GenuineIntel



---------------  S Y S T E M  ---------------

OS: Windows 10 , 64 bit Build 18362 (10.0.18362.329)

CPU:total 4 (initial active 4) (2 cores per cpu, 2 threads per core) family 6 model 61 stepping 4, cmov, cx8, fxsr, mmx, sse, sse2, sse3, ssse3, sse4.1, sse4.2, popcnt, avx, avx2, aes, clmul, erms, 3dnowpref, lzcnt, ht, tsc, tscinvbit, bmi1, bmi2, adx, fma

Memory: 4k page, system-wide physical 3998M (278M free)
TotalPageFile size 16286M (AvailPageFile size 5M)
current process WorkingSet (physical memory assigned to process): 9M, peak: 9M
current process commit charge ("private bytes"): 13M, peak: 14M

vm_info: Java HotSpot(TM) 64-Bit Server VM (13.0.1+9) for windows-amd64 JRE (13.0.1+9), built on Oct  6 2019 12:37:49 by "mach5one" with unknown MS VC++:1916

END.
